<?xml version="1.0" encoding="UTF-8"?>
<!-- Generated by org.testng.reporters.JUnitReportReporter -->
<testsuite hostname="LAPTOP-0U4NIBMT" failures="0" tests="3" name="com.AutomationTalks.demoProject1.TestClass1" time="41.236" errors="0" timestamp="30 Oct. 2020 15:48:59 GMT" skipped="0">
  <testcase classname="com.AutomationTalks.demoProject1.TestClass1" name="Test3" time="10.095"/>
  <testcase classname="com.AutomationTalks.demoProject1.TestClass1" name="Test1" time="20.373"/>
  <testcase classname="com.AutomationTalks.demoProject1.TestClass1" name="Test2" time="10.768"/>
</testsuite> <!-- com.AutomationTalks.demoProject1.TestClass1 -->
