<?xml version="1.0" encoding="UTF-8"?>
<!-- Generated by org.testng.reporters.JUnitReportReporter -->
<testsuite hostname="LAPTOP-0U4NIBMT" failures="0" tests="3" name="com.AutomationTalks.demoProject1.TestClass1" time="67.051" errors="0" timestamp="30 Oct. 2020 17:43:03 GMT" skipped="0">
  <testcase classname="com.AutomationTalks.demoProject1.TestClass1" name="Test3" time="14.690"/>
  <testcase classname="com.AutomationTalks.demoProject1.TestClass1" name="Test1" time="28.003"/>
  <testcase classname="com.AutomationTalks.demoProject1.TestClass1" name="Test2" time="24.358"/>
</testsuite> <!-- com.AutomationTalks.demoProject1.TestClass1 -->
