<?xml version="1.0" encoding="UTF-8"?>
<!-- Generated by org.testng.reporters.JUnitReportReporter -->
<testsuite hostname="LAPTOP-0U4NIBMT" failures="0" tests="3" name="com.AutomationTalks.demoProject1.TestClass1" time="31.542" errors="0" timestamp="26 Oct. 2020 18:02:00 GMT" skipped="0">
  <testcase classname="com.AutomationTalks.demoProject1.TestClass1" name="Test3" time="9.917"/>
  <testcase classname="com.AutomationTalks.demoProject1.TestClass1" name="Test2" time="12.255"/>
  <testcase classname="com.AutomationTalks.demoProject1.TestClass1" name="Test1" time="9.370"/>
</testsuite> <!-- com.AutomationTalks.demoProject1.TestClass1 -->
