<?xml version="1.0" encoding="UTF-8"?>
<!-- Generated by org.testng.reporters.JUnitReportReporter -->
<testsuite hostname="LAPTOP-0U4NIBMT" failures="0" tests="3" name="com.AutomationTalks.demoProject1.TestClass1" time="30.047" errors="0" timestamp="26 Oct. 2020 18:05:17 GMT" skipped="0">
  <testcase classname="com.AutomationTalks.demoProject1.TestClass1" name="Test1" time="10.101"/>
  <testcase classname="com.AutomationTalks.demoProject1.TestClass1" name="Test3" time="10.266"/>
  <testcase classname="com.AutomationTalks.demoProject1.TestClass1" name="Test2" time="9.680"/>
</testsuite> <!-- com.AutomationTalks.demoProject1.TestClass1 -->
